{
  "RSpec": {
    "coverage": {
      "/Users/katherinze/Documents/Fernando/CS4472/falfaroc/tasks/r004/spec/ttt_spec.rb": [
        1,
        1,
        null,
        1,
        1,
        1,
        null,
        null,
        1,
        1,
        1,
        null,
        null,
        1,
        1,
        1,
        null,
        null,
        1,
        1,
        1,
        null,
        null,
        1,
        1,
        1,
        null,
        null,
        1,
        1,
        1,
        null,
        null,
        1,
        1,
        1,
        null,
        null,
        1,
        1,
        1,
        null,
        null,
        1,
        1,
        1,
        1,
        null,
        null,
        1,
        1,
        1,
        1,
        null,
        null,
        1,
        1,
        1,
        1,
        null,
        null,
        1,
        1,
        1,
        1,
        null,
        null,
        1,
        1,
        1,
        2,
        null,
        null,
        1,
        1,
        1,
        2,
        1,
        null,
        null,
        null,
        null,
        1,
        1,
        1,
        null,
        null,
        1,
        1,
        1,
        null,
        null,
        1,
        1,
        1,
        null,
        null,
        1,
        1,
        1,
        null,
        null,
        1,
        1,
        1,
        null,
        null,
        1,
        1,
        1,
        null,
        null,
        1,
        1,
        1,
        null,
        null,
        1,
        1,
        1,
        null,
        null,
        1,
        1,
        1,
        null,
        null,
        1,
        1,
        1,
        null,
        null,
        1,
        1,
        1,
        null,
        null,
        1,
        1,
        1,
        null,
        null,
        1,
        1,
        1,
        null,
        null,
        1,
        1,
        1,
        null,
        null,
        1,
        1,
        1,
        null,
        null,
        1,
        1,
        1,
        null,
        null,
        null
      ],
      "/Users/katherinze/Documents/Fernando/CS4472/falfaroc/tasks/r004/game.rb": [
        null,
        1,
        null,
        1,
        null,
        1,
        14,
        14,
        14,
        14,
        null,
        null,
        1,
        38,
        null,
        null,
        1,
        33,
        null,
        null,
        1,
        6,
        null,
        null,
        1,
        null,
        3,
        14,
        3,
        20,
        null,
        null,
        1,
        null,
        2,
        13,
        2,
        17,
        null,
        null,
        1,
        9,
        9,
        9,
        null,
        null,
        1,
        8,
        8,
        8,
        2,
        null,
        6,
        null,
        null,
        null,
        null,
        null,
        null,
        null,
        1,
        null,
        1,
        null,
        1,
        16,
        null,
        null,
        1,
        54,
        null,
        null,
        1,
        54,
        null,
        null,
        1,
        54,
        null,
        null,
        1,
        9,
        null,
        null,
        1,
        9,
        null,
        null,
        1,
        9,
        null,
        null,
        1,
        9,
        null,
        null,
        1,
        9,
        null,
        null,
        1,
        8,
        8,
        23,
        6,
        null,
        null,
        null,
        null,
        null,
        1,
        4,
        null,
        null,
        1,
        3,
        1,
        2,
        1,
        null,
        1,
        null,
        null,
        null,
        null
      ]
    },
    "timestamp": 1509380911
  }
}
