{
  "RSpec": {
    "coverage": {
      "/Users/katherinze/Documents/Fernando/CS4472/falfaroc/tasks/r007/spec/quicksort_median_of_three_spec.rb": [
        1,
        1,
        null,
        1,
        7,
        null,
        1,
        2,
        2,
        null,
        1,
        1,
        null,
        null,
        null,
        1,
        2,
        2,
        null,
        1,
        1,
        null,
        null,
        null,
        1,
        2,
        2,
        null,
        1,
        1,
        null,
        null,
        null,
        1,
        2,
        2,
        null,
        1,
        1,
        null,
        null,
        null,
        1,
        2,
        2,
        null,
        1,
        1,
        null,
        null,
        null,
        1,
        2,
        2,
        null,
        1,
        1,
        null,
        null,
        null
      ],
      "/Users/katherinze/Documents/Fernando/CS4472/falfaroc/tasks/r007/lib/quicksort_median_of_three.rb": [
        1,
        null,
        1,
        null,
        null,
        1,
        null,
        4,
        3,
        null,
        4,
        2,
        2,
        2,
        null,
        null,
        null,
        null,
        4,
        null,
        null,
        1,
        null,
        3,
        3,
        3,
        3,
        3,
        31,
        24,
        24,
        null,
        null,
        3,
        3,
        null,
        3,
        null,
        null,
        1,
        null,
        5,
        5,
        5,
        5,
        3,
        2,
        1,
        null,
        1,
        null,
        null,
        null,
        1,
        null,
        4,
        30,
        30,
        30,
        74,
        74,
        null,
        30,
        null,
        null,
        4,
        null,
        null,
        null
      ],
      "/Users/katherinze/Documents/Fernando/CS4472/falfaroc/tasks/r007/lib/quicksort_median_of_three/version.rb": [
        1,
        1,
        null
      ]
    },
    "timestamp": 1510160333
  }
}
