{
  "RSpec": {
    "coverage": {
      "/Users/katherinze/Documents/Fernando/CS4472/falfaroc/tasks/r005/sudoku_validator_spec.rb": [
        1,
        null,
        1,
        null,
        1,
        1,
        1,
        null,
        null,
        1,
        1,
        null,
        null,
        null,
        null,
        null,
        null,
        null,
        null,
        null,
        null,
        1,
        null,
        null,
        1,
        1,
        null,
        null,
        null,
        null,
        null,
        null,
        null,
        null,
        null,
        null,
        1,
        null,
        null,
        1,
        1,
        null,
        null,
        null,
        null,
        null,
        null,
        null,
        null,
        null,
        null,
        1,
        null,
        null,
        null,
        null
      ],
      "/Users/katherinze/Documents/Fernando/CS4472/falfaroc/tasks/r005/sudoku_validator.rb": [
        1,
        null,
        null,
        null,
        1,
        null,
        1,
        3,
        3,
        null,
        null,
        1,
        1,
        1,
        null,
        null,
        null,
        null,
        1,
        null,
        1,
        1,
        null,
        1,
        null,
        1,
        4,
        4,
        4,
        4,
        null,
        null,
        1,
        2,
        2,
        2,
        null,
        null,
        1,
        3,
        null,
        2,
        null,
        2,
        null,
        31,
        null,
        null,
        1,
        1,
        null,
        1,
        null,
        0,
        null,
        null,
        1,
        null,
        null,
        1,
        2,
        null,
        2,
        6,
        null,
        2,
        null,
        null,
        1,
        6,
        18,
        18,
        null,
        null,
        null,
        1,
        1,
        1,
        null,
        1,
        1,
        null,
        null,
        null,
        null,
        null,
        null,
        null,
        null,
        null,
        null,
        null,
        null,
        0,
        null,
        null,
        1,
        0,
        null,
        null,
        1,
        0,
        null,
        null,
        1,
        1,
        null,
        1,
        0,
        0,
        null,
        0,
        null,
        null,
        1,
        0,
        0,
        null,
        null,
        null,
        1,
        0,
        0,
        0,
        0,
        null,
        null,
        null,
        1,
        29,
        null,
        null,
        null,
        null
      ]
    },
    "timestamp": 1509478131
  }
}
