{
  "RSpec": {
    "coverage": {
      "/Users/katherinze/Documents/Fernando/CS4472/falfaroc/tasks/r008/spec/nim_spec.rb": [
        1,
        1,
        null,
        1,
        null,
        1,
        null,
        9,
        null,
        9,
        null,
        null,
        null,
        1,
        1,
        1,
        1,
        null,
        null,
        null,
        1,
        1,
        null,
        null,
        1,
        1,
        null,
        null,
        1,
        1,
        null,
        null,
        1,
        null,
        1,
        1,
        null,
        1,
        null,
        null,
        1,
        null,
        1,
        1,
        1,
        null,
        1,
        null,
        1,
        null,
        null,
        1,
        null,
        1,
        null,
        1,
        null,
        1,
        null,
        null,
        1,
        1,
        null,
        1,
        null,
        1,
        1,
        null,
        null,
        1,
        1,
        null,
        null,
        null,
        null,
        null,
        null,
        null,
        1,
        null,
        1,
        null,
        null,
        null,
        null,
        null,
        1,
        1,
        null,
        1,
        6,
        6,
        6,
        6,
        6,
        6,
        1,
        null,
        null,
        0,
        null,
        null,
        null,
        null
      ],
      "/Users/katherinze/Documents/Fernando/CS4472/falfaroc/tasks/r008/nim.rb": [
        null,
        null,
        null,
        null,
        null,
        null,
        1,
        1,
        null,
        9,
        9,
        0,
        0,
        0,
        null,
        0,
        null,
        9,
        9,
        9,
        9,
        9,
        9,
        9,
        9,
        9,
        9,
        null,
        1,
        1,
        null,
        1,
        4,
        null,
        1,
        0,
        null,
        1,
        0,
        null,
        1,
        0,
        null,
        1,
        0,
        null,
        1,
        0,
        null,
        1,
        5,
        5,
        5,
        5,
        5,
        5,
        1,
        1,
        null,
        5,
        5,
        5,
        5,
        5,
        2,
        2,
        null,
        5,
        null,
        1,
        13,
        13,
        48,
        null,
        13,
        2,
        null,
        null,
        1,
        7,
        7,
        null,
        0,
        null,
        7,
        null,
        null,
        1,
        0,
        0,
        0,
        0,
        null,
        0,
        0,
        0,
        null,
        null,
        1,
        2,
        2,
        null,
        0,
        null,
        null,
        null,
        1,
        0,
        null,
        1,
        6,
        6,
        24,
        24,
        54,
        54,
        null,
        24,
        24,
        null,
        null,
        1,
        6,
        6,
        6,
        2,
        0,
        0,
        null,
        2,
        2,
        null,
        null,
        6,
        6,
        3,
        null,
        3,
        null,
        6,
        6,
        13,
        13,
        null,
        6,
        6,
        6,
        6,
        null,
        1,
        19,
        null,
        null,
        null,
        1,
        1,
        9,
        9,
        9,
        9,
        null,
        1,
        0,
        null,
        1,
        0,
        null,
        1,
        null,
        null,
        7,
        20,
        20,
        20,
        20,
        18,
        18,
        18,
        18,
        18,
        6,
        null,
        null,
        6,
        null,
        null,
        null,
        null,
        null,
        1,
        0,
        0,
        0,
        null,
        0,
        0,
        0,
        0,
        0,
        0,
        0,
        null,
        null,
        1,
        22,
        22,
        null,
        22,
        null,
        83,
        83,
        null,
        null,
        22,
        88,
        88,
        332,
        84,
        null,
        null,
        88,
        68,
        null,
        20,
        null,
        null,
        22,
        13,
        null,
        9,
        null,
        null,
        null,
        1,
        5,
        5,
        5,
        370,
        10,
        10,
        null,
        null,
        null,
        null,
        null,
        null,
        1,
        0,
        0,
        0,
        0,
        0,
        0,
        0,
        0,
        0,
        0,
        0,
        null,
        null,
        0,
        null,
        null,
        null
      ]
    },
    "timestamp": 1511318674
  }
}
