{
  "RSpec": {
    "coverage": {
      "/Users/katherinze/Documents/Fernando/CS4472/falfaroc/tasks/r006/heap_sort_spec.rb": [
        1,
        1,
        null,
        1,
        null,
        null
      ],
      "/Users/katherinze/Documents/Fernando/CS4472/falfaroc/tasks/r006/heap_sort.rb": [
        1,
        1,
        null,
        1,
        0,
        null,
        null,
        1,
        0,
        0,
        0,
        0,
        0,
        0,
        null,
        0,
        null,
        null,
        1,
        0,
        null,
        0,
        0,
        0,
        null,
        null,
        null,
        1,
        0,
        0,
        0,
        0,
        null,
        0,
        0,
        null,
        null,
        0,
        0,
        null,
        null,
        0,
        0,
        0,
        null,
        0,
        null,
        null,
        null,
        null,
        null,
        null
      ]
    },
    "timestamp": 1509482663
  }
}
