{
  "RSpec": {
    "coverage": {
      "/Users/katherinze/Documents/Fernando/CS4472/falfaroc/tasks/r006/heap_sort_spec.rb": [
        1,
        1,
        null,
        1,
        1,
        1,
        null,
        null,
        1,
        1,
        1,
        null,
        null,
        1,
        1,
        1,
        null,
        null
      ],
      "/Users/katherinze/Documents/Fernando/CS4472/falfaroc/tasks/r006/heap_sort.rb": [
        1,
        null,
        null,
        null,
        null,
        1,
        1,
        null,
        1,
        3,
        3,
        null,
        null,
        1,
        2,
        2,
        2,
        null,
        2,
        null,
        null,
        1,
        2,
        7,
        7,
        7,
        null,
        null,
        null,
        1,
        2,
        2,
        null,
        2,
        4,
        4,
        null,
        null,
        null,
        1,
        11,
        11,
        11,
        11,
        null,
        11,
        3,
        null,
        null,
        8,
        null,
        null,
        null,
        1,
        11,
        8,
        8,
        8,
        null,
        3,
        null,
        null,
        1,
        11,
        11,
        null,
        11,
        null,
        11,
        null,
        null,
        1,
        19,
        null,
        null,
        1,
        11,
        11,
        3,
        null,
        11,
        null,
        null,
        1,
        11,
        8,
        null,
        11,
        null,
        null,
        null
      ],
      "/Users/katherinze/Documents/Fernando/CS4472/falfaroc/tasks/r006/array_watcher.rb": [
        null,
        null,
        1,
        1,
        3,
        3,
        null,
        null,
        1,
        4,
        null,
        null,
        1,
        66,
        66,
        null,
        null,
        1,
        30,
        30,
        null,
        null,
        1,
        0,
        null,
        null,
        1,
        2,
        null,
        null
      ]
    },
    "timestamp": 1509489921
  }
}
